<?xml version="1.0" encoding="UTF-8"?>
<!-- Generated by org.testng.reporters.JUnitXMLReporter -->
<testsuite ignored="0" hostname="LTIN268132" failures="0" tests="7" name="Default test" time="0.117" errors="0" timestamp="2024-02-29T22:08:38 IST">
  <testcase classname="testBase.BaseClass" name="@BeforeTest setup" time="-1.709224718029E9">
    <failure type="org.testng.TestNGException" message="
Parameter &amp;apos;os&amp;apos; is required by BeforeTest on method setup but has not been marked @Optional or defined
in C:\Users\2303863\AppData\Local\Temp\1\testng-eclipse-1603117135\testng-customsuite.xml">
      <![CDATA[org.testng.TestNGException: 
Parameter 'os' is required by BeforeTest on method setup but has not been marked @Optional or defined
in C:\Users\2303863\AppData\Local\Temp\1\testng-eclipse-1603117135\testng-customsuite.xml
at org.testng.internal.Parameters.createParams(Parameters.java:270)
at org.testng.internal.Parameters.createParametersForMethod(Parameters.java:358)
at org.testng.internal.Parameters.createParameters(Parameters.java:700)
at org.testng.internal.Parameters.createConfigurationParameters(Parameters.java:168)
at org.testng.internal.ConfigInvoker.invokeConfigurations(ConfigInvoker.java:302)
at org.testng.TestRunner.invokeTestConfigurations(TestRunner.java:637)
at org.testng.TestRunner.beforeRun(TestRunner.java:627)
at org.testng.TestRunner.run(TestRunner.java:589)
at org.testng.SuiteRunner.runTest(SuiteRunner.java:377)
at org.testng.SuiteRunner.runSequentially(SuiteRunner.java:371)
at org.testng.SuiteRunner.privateRun(SuiteRunner.java:332)
at org.testng.SuiteRunner.run(SuiteRunner.java:276)
at org.testng.SuiteRunnerWorker.runSuite(SuiteRunnerWorker.java:53)
at org.testng.SuiteRunnerWorker.run(SuiteRunnerWorker.java:96)
at org.testng.TestNG.runSuitesSequentially(TestNG.java:1212)
at org.testng.TestNG.runSuitesLocally(TestNG.java:1134)
at org.testng.TestNG.runSuites(TestNG.java:1063)
at org.testng.TestNG.run(TestNG.java:1031)
at org.testng.remote.AbstractRemoteTestNG.run(AbstractRemoteTestNG.java:115)
at org.testng.remote.RemoteTestNG.initAndRun(RemoteTestNG.java:251)
at org.testng.remote.RemoteTestNG.main(RemoteTestNG.java:77)
]]>
    </failure>
  </testcase> <!-- @BeforeTest setup -->
  <testcase classname="testBase.BaseClass" name="@AfterTest teardown" time="-1.709224718134E9">
    <skipped/>
  </testcase> <!-- @AfterTest teardown -->
  <testcase classname="testCases.TC_002_SelectItems" name="selectCategory" time="0.0">
    <skipped/>
  </testcase> <!-- selectCategory -->
  <testcase classname="testCases.TC_002_SelectItems" name="select_price" time="0.0">
    <skipped/>
  </testcase> <!-- select_price -->
  <testcase classname="testCases.TC_002_SelectItems" name="clickStorageButton" time="0.0">
    <skipped/>
  </testcase> <!-- clickStorageButton -->
  <testcase classname="testCases.TC_002_SelectItems" name="select_filter" time="0.0">
    <skipped/>
  </testcase> <!-- select_filter -->
  <testcase classname="testCases.TC_002_SelectItems" name="print_data" time="0.0">
    <skipped/>
  </testcase> <!-- print_data -->
  <testcase classname="testCases.TC_002_SelectItems" name="displayNavBar_items" time="0.0">
    <skipped/>
  </testcase> <!-- displayNavBar_items -->
  <testcase classname="testCases.TC_002_SelectItems" name="printNavBar_items" time="0.0">
    <skipped/>
  </testcase> <!-- printNavBar_items -->
</testsuite> <!-- Default test -->
