<?xml version="1.0" encoding="UTF-8"?>
<!-- Generated by org.testng.reporters.JUnitXMLReporter -->
<testsuite ignored="4" hostname="LTIN268132" failures="2" tests="15" name="Test" time="222.641" errors="0" timestamp="2024-03-12T16:12:14 IST">
  <testcase classname="testCases.TC_001_SearchBookshelves" name="search" time="0.369"/>
  <testcase classname="testCases.TC_001_SearchBookshelves" name="titleValidation" time="4.169"/>
  <testcase classname="testCases.TC_002_SelectItems" name="selectCategory" time="3.146"/>
  <testcase classname="testCases.TC_002_SelectItems" name="select_price" time="8.573"/>
  <testcase classname="testCases.TC_002_SelectItems" name="clickStorageButton" time="2.538"/>
  <testcase classname="testCases.TC_002_SelectItems" name="select_filter" time="0.632"/>
  <testcase classname="testCases.TC_002_SelectItems" name="print_data" time="30.045">
    <failure type="java.lang.IndexOutOfBoundsException" message="Index 0 out of bounds for length 0">
      <![CDATA[java.lang.IndexOutOfBoundsException: Index 0 out of bounds for length 0
at java.base/jdk.internal.util.Preconditions.outOfBounds(Preconditions.java:64)
at java.base/jdk.internal.util.Preconditions.outOfBoundsCheckIndex(Preconditions.java:70)
at java.base/jdk.internal.util.Preconditions.checkIndex(Preconditions.java:266)
at java.base/java.util.Objects.checkIndex(Objects.java:361)
at java.base/java.util.ArrayList.get(ArrayList.java:427)
at org.openqa.selenium.support.pagefactory.internal.LocatingElementListHandler.invoke(LocatingElementListHandler.java:39)
at jdk.proxy2/jdk.proxy2.$Proxy51.get(Unknown Source)
at pageObjects.BookShelvesPage.print_BookshelvesData(BookShelvesPage.java:131)
at testCases.TC_002_SelectItems.print_data(TC_002_SelectItems.java:76)
at java.base/java.util.ArrayList.forEach(ArrayList.java:1511)
... Removed 31 stack frames]]>
    </failure>
  </testcase> <!-- print_data -->
  <testcase classname="testCases.TC_002_SelectItems" name="displayNavBar_items" time="1.29">
    <failure type="org.openqa.selenium.ElementClickInterceptedException" message="element click intercepted: Element &amp;lt;span class=&amp;quot;topnav_itemname&amp;quot;&amp;gt;...&amp;lt;/span&amp;gt; is not clickable at point (369, 21). Other element would receive the click: &amp;lt;span class=&amp;quot;results-count&amp;quot;&amp;gt;...&amp;lt;/span&amp;gt;
  (Session info: chrome=120.0.6099.130)
Build info: version: &amp;apos;4.17.0&amp;apos;, revision: &amp;apos;e52b1be057*&amp;apos;
System info: os.name: &amp;apos;Windows 11&amp;apos;, os.arch: &amp;apos;amd64&amp;apos;, os.version: &amp;apos;10.0&amp;apos;, java.version: &amp;apos;17.0.9&amp;apos;
Driver info: org.openqa.selenium.remote.RemoteWebDriver
Command: [ded6654e6553faeb1e1174ef70058107, clickElement {id=4254F5AC04EAB6335CA67FBD015A8F99_element_196}]
Capabilities {acceptInsecureCerts: false, browserName: chrome, browserVersion: 120.0.6099.130, chrome: {chromedriverVersion: 120.0.6099.109 (3419140ab66..., userDataDir: C:\Users\2303863\AppData\Lo...}, fedcm:accounts: true, goog:chromeOptions: {debuggerAddress: localhost:50021}, networkConnectionEnabled: false, pageLoadStrategy: normal, platformName: Windows 11, proxy: Proxy(), se:bidiEnabled: false, se:cdp: ws://10.140.126.227:4444/se..., se:cdpVersion: 120.0.6099.130, setWindowRect: true, strictFileInteractability: false, timeouts: {implicit: 0, pageLoad: 300000, script: 30000}, unhandledPromptBehavior: dismiss and notify, webauthn:extension:credBlob: true, webauthn:extension:largeBlob: true, webauthn:extension:minPinLength: true, webauthn:extension:prf: true, webauthn:virtualAuthenticators: true}
Element: [[RemoteWebDriver: chrome on Windows 11 (ded6654e6553faeb1e1174ef70058107)] -&amp;gt; xpath: //li[@class=&amp;apos;topnav_item livingunit&amp;apos;]/span]
Session ID: ded6654e6553faeb1e1174ef70058107">
      <![CDATA[org.openqa.selenium.ElementClickInterceptedException: element click intercepted: Element <span class="topnav_itemname">...</span> is not clickable at point (369, 21). Other element would receive the click: <span class="results-count">...</span>
  (Session info: chrome=120.0.6099.130)
Build info: version: '4.17.0', revision: 'e52b1be057*'
System info: os.name: 'Windows 11', os.arch: 'amd64', os.version: '10.0', java.version: '17.0.9'
Driver info: org.openqa.selenium.remote.RemoteWebDriver
Command: [ded6654e6553faeb1e1174ef70058107, clickElement {id=4254F5AC04EAB6335CA67FBD015A8F99_element_196}]
Capabilities {acceptInsecureCerts: false, browserName: chrome, browserVersion: 120.0.6099.130, chrome: {chromedriverVersion: 120.0.6099.109 (3419140ab66..., userDataDir: C:\Users\2303863\AppData\Lo...}, fedcm:accounts: true, goog:chromeOptions: {debuggerAddress: localhost:50021}, networkConnectionEnabled: false, pageLoadStrategy: normal, platformName: Windows 11, proxy: Proxy(), se:bidiEnabled: false, se:cdp: ws://10.140.126.227:4444/se..., se:cdpVersion: 120.0.6099.130, setWindowRect: true, strictFileInteractability: false, timeouts: {implicit: 0, pageLoad: 300000, script: 30000}, unhandledPromptBehavior: dismiss and notify, webauthn:extension:credBlob: true, webauthn:extension:largeBlob: true, webauthn:extension:minPinLength: true, webauthn:extension:prf: true, webauthn:virtualAuthenticators: true}
Element: [[RemoteWebDriver: chrome on Windows 11 (ded6654e6553faeb1e1174ef70058107)] -> xpath: //li[@class='topnav_item livingunit']/span]
Session ID: ded6654e6553faeb1e1174ef70058107
at org.openqa.selenium.remote.codec.w3c.W3CHttpResponseCodec.createException(W3CHttpResponseCodec.java:185)
at org.openqa.selenium.remote.codec.w3c.W3CHttpResponseCodec.decode(W3CHttpResponseCodec.java:134)
at org.openqa.selenium.remote.codec.w3c.W3CHttpResponseCodec.decode(W3CHttpResponseCodec.java:51)
at org.openqa.selenium.remote.HttpCommandExecutor.execute(HttpCommandExecutor.java:190)
at org.openqa.selenium.remote.TracedCommandExecutor.execute(TracedCommandExecutor.java:51)
at org.openqa.selenium.remote.RemoteWebDriver.execute(RemoteWebDriver.java:519)
at org.openqa.selenium.remote.RemoteWebElement.execute(RemoteWebElement.java:223)
at org.openqa.selenium.remote.RemoteWebElement.click(RemoteWebElement.java:76)
at org.openqa.selenium.support.pagefactory.internal.LocatingElementHandler.invoke(LocatingElementHandler.java:51)
at jdk.proxy2/jdk.proxy2.$Proxy50.click(Unknown Source)
at pageObjects.BookShelvesPage.clickNavbutton(BookShelvesPage.java:154)
at testCases.TC_002_SelectItems.displayNavBar_items(TC_002_SelectItems.java:91)
at java.base/java.util.ArrayList.forEach(ArrayList.java:1511)
... Removed 36 stack frames]]>
    </failure>
  </testcase> <!-- displayNavBar_items -->
  <testcase classname="testCases.TC_002_SelectItems" name="printNavBar_items" time="0.0">
    <skipped/>
  </testcase> <!-- printNavBar_items -->
  <testcase classname="testCases.TC_003_GiftCard" name="displayGiftPage" time="42.943"/>
  <testcase classname="testCases.TC_003_GiftCard" name="clickBirthday" time="2.145"/>
  <testcase classname="testCases.TC_003_GiftCard" name="enterAmount_Date" time="6.114"/>
  <testcase classname="testCases.TC_003_GiftCard" name="enterDetails" time="6.654"/>
  <testcase classname="testCases.TC_003_GiftCard" name="verifyValidEmail" time="2.862"/>
  <testcase classname="testCases.TC_003_GiftCard" name="verifyValidEmail_2" time="7.125"/>
  <testcase classname="testBase.BaseClass" name="@AfterTest teardown" time="0.0">
    <ignored/>
  </testcase> <!-- @AfterTest teardown -->
  <testcase classname="testBase.BaseClass" name="@AfterTest teardown" time="0.0">
    <ignored/>
  </testcase> <!-- @AfterTest teardown -->
  <testcase classname="testBase.BaseClass" name="@BeforeTest setup" time="0.0">
    <ignored/>
  </testcase> <!-- @BeforeTest setup -->
  <testcase classname="testBase.BaseClass" name="@BeforeTest setup" time="0.0">
    <ignored/>
  </testcase> <!-- @BeforeTest setup -->
</testsuite> <!-- Test -->
