<!DOCTYPE html PUBLIC "-//W3C//DTD XHTML 1.1//EN" "https://www.w3.org/TR/xhtml11/DTD/xhtml11.dtd">
<html xmlns="https://www.w3.org/1999/xhtml">
<head>
<meta http-equiv="content-type" content="text/html; charset=UTF-8"/>
<title>TestNG Report</title>
<style type="text/css">table {margin-bottom:10px;border-collapse:collapse;empty-cells:show}th,td {border:1px solid #009;padding:.25em .5em}th {vertical-align:bottom}td {vertical-align:top}table a {font-weight:bold}.stripe td {background-color: #E6EBF9}.num {text-align:right}.passedodd td {background-color: #3F3}.passedeven td {background-color: #0A0}.skippedodd td {background-color: #DDD}.skippedeven td {background-color: #CCC}.failedodd td,.attn {background-color: #F33}.failedeven td,.stripe .attn {background-color: #D00}.stacktrace {white-space:pre;font-family:monospace}.totop {font-size:85%;text-align:center;border-bottom:2px solid #000}.invisible {display:none}</style>
</head>
<body>
<table>
<tr><th>Test</th><th># Passed</th><th># Skipped</th><th># Retried</th><th># Failed</th><th>Time (ms)</th><th>Included Groups</th><th>Excluded Groups</th></tr>
<tr><th colspan="8">Suite</th></tr>
<tr><td><a href="#t0">Test</a></td><td class="num">12</td><td class="num attn">1</td><td class="num">0</td><td class="num attn">2</td><td class="num">222,641</td><td></td><td></td></tr>
</table>
<table id='summary'><thead><tr><th>Class</th><th>Method</th><th>Start</th><th>Time (ms)</th></tr></thead><tbody><tr><th colspan="4">Suite</th></tr></tbody><tbody id="t0"><tr><th colspan="4">Test &#8212; failed</th></tr><tr class="failedeven"><td rowspan="2">testCases.TC_002_SelectItems</td><td><a href="#m0">displayNavBar_items</a></td><td rowspan="1">1710240053795</td><td rowspan="1">1290</td></tr><tr class="failedeven"><td><a href="#m1">print_data</a></td><td rowspan="1">1710240023472</td><td rowspan="1">30045</td></tr><tr><th colspan="4">Test &#8212; skipped</th></tr><tr class="skippedeven"><td rowspan="1">testCases.TC_002_SelectItems</td><td><a href="#m2">printNavBar_items</a></td><td rowspan="1">1710240055398</td><td rowspan="1">0</td></tr><tr><th colspan="4">Test &#8212; passed</th></tr><tr class="passedeven"><td rowspan="2">testCases.TC_001_SearchBookshelves</td><td><a href="#m3">search</a></td><td rowspan="1">1710240000716</td><td rowspan="1">369</td></tr><tr class="passedeven"><td><a href="#m4">titleValidation</a></td><td rowspan="1">1710240002180</td><td rowspan="1">4169</td></tr><tr class="passedodd"><td rowspan="4">testCases.TC_002_SelectItems</td><td><a href="#m5">clickStorageButton</a></td><td rowspan="1">1710240019676</td><td rowspan="1">2538</td></tr><tr class="passedodd"><td><a href="#m6">selectCategory</a></td><td rowspan="1">1710240007044</td><td rowspan="1">3146</td></tr><tr class="passedodd"><td><a href="#m7">select_filter</a></td><td rowspan="1">1710240022520</td><td rowspan="1">632</td></tr><tr class="passedodd"><td><a href="#m8">select_price</a></td><td rowspan="1">1710240010708</td><td rowspan="1">8573</td></tr><tr class="passedeven"><td rowspan="6">testCases.TC_003_GiftCard</td><td><a href="#m9">clickBirthday</a></td><td rowspan="1">1710240099311</td><td rowspan="1">2145</td></tr><tr class="passedeven"><td><a href="#m10">displayGiftPage</a></td><td rowspan="1">1710240055407</td><td rowspan="1">42943</td></tr><tr class="passedeven"><td><a href="#m11">enterAmount_Date</a></td><td rowspan="1">1710240101934</td><td rowspan="1">6114</td></tr><tr class="passedeven"><td><a href="#m12">enterDetails</a></td><td rowspan="1">1710240109161</td><td rowspan="1">6654</td></tr><tr class="passedeven"><td><a href="#m13">verifyValidEmail</a></td><td rowspan="1">1710240116586</td><td rowspan="1">2862</td></tr><tr class="passedeven"><td><a href="#m14">verifyValidEmail_2</a></td><td rowspan="1">1710240119783</td><td rowspan="1">7125</td></tr></tbody>
</table>
<h2>Test</h2><h3 id="m0">testCases.TC_002_SelectItems#displayNavBar_items</h3><table class="result"><tr><th>Exception</th></tr><tr><td><div class="stacktrace">org.openqa.selenium.ElementClickInterceptedException: element click intercepted: Element &lt;span class=&quot;topnav_itemname&quot;&gt;...&lt;/span&gt; is not clickable at point (369, 21). Other element would receive the click: &lt;span class=&quot;results-count&quot;&gt;...&lt;/span&gt;
  (Session info: chrome=120.0.6099.130)
Build info: version: &apos;4.17.0&apos;, revision: &apos;e52b1be057*&apos;
System info: os.name: &apos;Windows 11&apos;, os.arch: &apos;amd64&apos;, os.version: &apos;10.0&apos;, java.version: &apos;17.0.9&apos;
Driver info: org.openqa.selenium.remote.RemoteWebDriver
Command: [ded6654e6553faeb1e1174ef70058107, clickElement {id=4254F5AC04EAB6335CA67FBD015A8F99_element_196}]
Capabilities {acceptInsecureCerts: false, browserName: chrome, browserVersion: 120.0.6099.130, chrome: {chromedriverVersion: 120.0.6099.109 (3419140ab66..., userDataDir: C:\Users\2303863\AppData\Lo...}, fedcm:accounts: true, goog:chromeOptions: {debuggerAddress: localhost:50021}, networkConnectionEnabled: false, pageLoadStrategy: normal, platformName: Windows 11, proxy: Proxy(), se:bidiEnabled: false, se:cdp: ws://10.140.126.227:4444/se..., se:cdpVersion: 120.0.6099.130, setWindowRect: true, strictFileInteractability: false, timeouts: {implicit: 0, pageLoad: 300000, script: 30000}, unhandledPromptBehavior: dismiss and notify, webauthn:extension:credBlob: true, webauthn:extension:largeBlob: true, webauthn:extension:minPinLength: true, webauthn:extension:prf: true, webauthn:virtualAuthenticators: true}
Element: [[RemoteWebDriver: chrome on Windows 11 (ded6654e6553faeb1e1174ef70058107)] -&gt; xpath: //li[@class=&apos;topnav_item livingunit&apos;]/span]
Session ID: ded6654e6553faeb1e1174ef70058107
	at org.openqa.selenium.remote.codec.w3c.W3CHttpResponseCodec.createException(W3CHttpResponseCodec.java:185)
	at org.openqa.selenium.remote.codec.w3c.W3CHttpResponseCodec.decode(W3CHttpResponseCodec.java:134)
	at org.openqa.selenium.remote.codec.w3c.W3CHttpResponseCodec.decode(W3CHttpResponseCodec.java:51)
	at org.openqa.selenium.remote.HttpCommandExecutor.execute(HttpCommandExecutor.java:190)
	at org.openqa.selenium.remote.TracedCommandExecutor.execute(TracedCommandExecutor.java:51)
	at org.openqa.selenium.remote.RemoteWebDriver.execute(RemoteWebDriver.java:519)
	at org.openqa.selenium.remote.RemoteWebElement.execute(RemoteWebElement.java:223)
	at org.openqa.selenium.remote.RemoteWebElement.click(RemoteWebElement.java:76)
	at org.openqa.selenium.support.pagefactory.internal.LocatingElementHandler.invoke(LocatingElementHandler.java:51)
	at jdk.proxy2/jdk.proxy2.$Proxy50.click(Unknown Source)
	at pageObjects.BookShelvesPage.clickNavbutton(BookShelvesPage.java:154)
	at testCases.TC_002_SelectItems.displayNavBar_items(TC_002_SelectItems.java:91)
	at java.base/java.util.ArrayList.forEach(ArrayList.java:1511)
... Removed 36 stack frames</div></td></tr></table><p class="totop"><a href="#summary">back to summary</a></p>
<h3 id="m1">testCases.TC_002_SelectItems#print_data</h3><table class="result"><tr><th>Exception</th></tr><tr><td><div class="stacktrace">java.lang.IndexOutOfBoundsException: Index 0 out of bounds for length 0
	at java.base/jdk.internal.util.Preconditions.outOfBounds(Preconditions.java:64)
	at java.base/jdk.internal.util.Preconditions.outOfBoundsCheckIndex(Preconditions.java:70)
	at java.base/jdk.internal.util.Preconditions.checkIndex(Preconditions.java:266)
	at java.base/java.util.Objects.checkIndex(Objects.java:361)
	at java.base/java.util.ArrayList.get(ArrayList.java:427)
	at org.openqa.selenium.support.pagefactory.internal.LocatingElementListHandler.invoke(LocatingElementListHandler.java:39)
	at jdk.proxy2/jdk.proxy2.$Proxy51.get(Unknown Source)
	at pageObjects.BookShelvesPage.print_BookshelvesData(BookShelvesPage.java:131)
	at testCases.TC_002_SelectItems.print_data(TC_002_SelectItems.java:76)
	at java.base/java.util.ArrayList.forEach(ArrayList.java:1511)
... Removed 31 stack frames</div></td></tr></table><p class="totop"><a href="#summary">back to summary</a></p>
<h3 id="m2">testCases.TC_002_SelectItems#printNavBar_items</h3><table class="result"><tr><th>Exception</th></tr><tr><td><div class="stacktrace">java.lang.Throwable: Method TC_002_SelectItems.printNavBar_items()[pri:7, instance:testCases.TC_002_SelectItems@534a5a98] depends on not successfully finished methods
	at java.base/java.util.ArrayList.forEach(ArrayList.java:1511)
... Removed 18 stack frames</div></td></tr></table><p class="totop"><a href="#summary">back to summary</a></p>
<h3 id="m3">testCases.TC_001_SearchBookshelves#search</h3><table class="result"><tr class="param"><th>Parameter #1</th></tr><tr class="param stripe"><td>Bookshelves</td></tr></table><p class="totop"><a href="#summary">back to summary</a></p>
<h3 id="m4">testCases.TC_001_SearchBookshelves#titleValidation</h3><table class="result"><tr><th class="invisible"/></tr></table><p class="totop"><a href="#summary">back to summary</a></p>
<h3 id="m5">testCases.TC_002_SelectItems#clickStorageButton</h3><table class="result"><tr><th class="invisible"/></tr></table><p class="totop"><a href="#summary">back to summary</a></p>
<h3 id="m6">testCases.TC_002_SelectItems#selectCategory</h3><table class="result"><tr><th class="invisible"/></tr></table><p class="totop"><a href="#summary">back to summary</a></p>
<h3 id="m7">testCases.TC_002_SelectItems#select_filter</h3><table class="result"><tr><th class="invisible"/></tr></table><p class="totop"><a href="#summary">back to summary</a></p>
<h3 id="m8">testCases.TC_002_SelectItems#select_price</h3><table class="result"><tr><th class="invisible"/></tr></table><p class="totop"><a href="#summary">back to summary</a></p>
<h3 id="m9">testCases.TC_003_GiftCard#clickBirthday</h3><table class="result"><tr><th class="invisible"/></tr></table><p class="totop"><a href="#summary">back to summary</a></p>
<h3 id="m10">testCases.TC_003_GiftCard#displayGiftPage</h3><table class="result"><tr><th class="invisible"/></tr></table><p class="totop"><a href="#summary">back to summary</a></p>
<h3 id="m11">testCases.TC_003_GiftCard#enterAmount_Date</h3><table class="result"><tr><th class="invisible"/></tr></table><p class="totop"><a href="#summary">back to summary</a></p>
<h3 id="m12">testCases.TC_003_GiftCard#enterDetails</h3><table class="result"><tr class="param"><th>Parameter #1</th><th>Parameter #2</th><th>Parameter #3</th><th>Parameter #4</th><th>Parameter #5</th><th>Parameter #6</th><th>Parameter #7</th><th>Parameter #8</th></tr><tr class="param stripe"><td>naveen</td><td>naveen221gmail.com</td><td>9876543211</td><td>mohan</td><td>mohan511gmail.com</td><td>9856782200</td><td>Tamil Nau, Chennai</td><td>600130</td></tr></table><p class="totop"><a href="#summary">back to summary</a></p>
<h3 id="m13">testCases.TC_003_GiftCard#verifyValidEmail</h3><table class="result"><tr class="param"><th>Parameter #1</th></tr><tr class="param stripe"><td>naveen221@gmail.com</td></tr></table><p class="totop"><a href="#summary">back to summary</a></p>
<h3 id="m14">testCases.TC_003_GiftCard#verifyValidEmail_2</h3><table class="result"><tr class="param"><th>Parameter #1</th></tr><tr class="param stripe"><td>mohan511@gmail.com</td></tr></table><p class="totop"><a href="#summary">back to summary</a></p>
</body>
</html>
